<?xml version="1.0" encoding="UTF-8"?>
<!-- Generated by org.testng.reporters.JUnitReportReporter -->
<testsuite hostname="IONDELWS770" name="com.qa.tests.DemoTest" tests="4" failures="0" timestamp="21 May 2021 12:21:40 GMT" time="0.007" errors="0">
  <testcase name="sum" time="0.000" classname="com.qa.tests.DemoTest"/>
  <testcase name="multiply" time="0.000" classname="com.qa.tests.DemoTest"/>
  <testcase name="div" time="0.007" classname="com.qa.tests.DemoTest"/>
  <testcase name="sub" time="0.000" classname="com.qa.tests.DemoTest"/>
</testsuite> <!-- com.qa.tests.DemoTest -->
