<?xml version="1.0" encoding="UTF-8"?>
<!-- Generated by org.testng.reporters.JUnitReportReporter -->
<testsuite hostname="IONDELWS770" name="com.qa.tests.DemoTest2" tests="4" failures="0" timestamp="21 May 2021 12:21:40 GMT" time="0.003" errors="0">
  <testcase name="sub" time="0.001" classname="com.qa.tests.DemoTest2"/>
  <testcase name="div" time="0.001" classname="com.qa.tests.DemoTest2"/>
  <testcase name="multiply" time="0.000" classname="com.qa.tests.DemoTest2"/>
  <testcase name="sum" time="0.001" classname="com.qa.tests.DemoTest2"/>
</testsuite> <!-- com.qa.tests.DemoTest2 -->
